Build started 1/4/2016 5:10:22 PM.
     1>Project "C:\Users\Gabriel\Documents\Visual Studio 2015\Projects\TicTacToe\TicTacToe\TicTacToe.vcxproj" on node 2 (Build target(s)).
     1>ClCompile:
         C:\Program Files (x86)\Microsoft Visual Studio 14.0\VC\bin\CL.exe /c /Zi /nologo /W3 /WX- /O2 /Oi /Oy- /GL /D WIN32 /D NDEBUG /D _CONSOLE /D _UNICODE /D UNICODE /Gm- /EHsc /MT /GS /Gy /fp:precise /Zc:wchar_t /Zc:forScope /Zc:inline /Fo"Release\\" /Fd"Release\vc140.pdb" /Gd /TP /analyze- /errorReport:prompt main.cpp
         main.cpp
       Link:
         C:\Program Files (x86)\Microsoft Visual Studio 14.0\VC\bin\link.exe /ERRORREPORT:PROMPT /OUT:"C:\Users\Gabriel\Documents\Visual Studio 2015\Projects\TicTacToe\Release\TicTacToe.exe" /INCREMENTAL:NO /NOLOGO kernel32.lib user32.lib gdi32.lib winspool.lib comdlg32.lib advapi32.lib shell32.lib ole32.lib oleaut32.lib uuid.lib odbc32.lib odbccp32.lib /MANIFEST /MANIFESTUAC:"level='asInvoker' uiAccess='false'" /manifest:embed /Debug /PDB:"C:\Users\Gabriel\Documents\Visual Studio 2015\Projects\TicTacToe\Release\TicTacToe.pdb" /SUBSYSTEM:CONSOLE /OPT:REF /OPT:ICF /LTCG:incremental /TLBID:1 /DYNAMICBASE /NXCOMPAT /IMPLIB:"C:\Users\Gabriel\Documents\Visual Studio 2015\Projects\TicTacToe\Release\TicTacToe.lib" /MACHINE:X86 /SAFESEH Release\AIPlayer.obj
         Release\Game.obj
         Release\GameField.obj
         Release\HumanPlayer.obj
         Release\main.obj
         Release\MinMax.obj
         Release\Player.obj
         Release\Point.obj
         Generating code
         Finished generating code
         1 of 760 functions ( 0.1%) were compiled, the rest were copied from previous compilation.
           0 functions were new in current compilation
           0 functions had inline decision re-evaluated but remain unchanged
         TicTacToe.vcxproj -> C:\Users\Gabriel\Documents\Visual Studio 2015\Projects\TicTacToe\Release\TicTacToe.exe
     1>Done Building Project "C:\Users\Gabriel\Documents\Visual Studio 2015\Projects\TicTacToe\TicTacToe\TicTacToe.vcxproj" (Build target(s)).

Build succeeded.

Time Elapsed 00:00:02.13
